[2016-06-10 03:20:13] START
[2016-06-10 03:27:11] EDIT welcome/models/menu.py: 0
[2016-06-10 03:28:28] EDIT welcome/models/menu.py: 0
[2016-06-10 03:29:44] EDIT welcome/models/menu.py: 0
[2016-06-10 03:29:46] EDIT welcome/models/menu.py: 0
[2016-06-10 03:29:46] EDIT welcome/models/menu.py: 0
[2016-06-10 03:29:46] EDIT welcome/models/menu.py: 0
[2016-06-10 03:30:20] EDIT welcome/models/menu.py: 0
[2016-06-10 03:30:45] EDIT welcome/models/menu.py: 0
[2016-06-10 03:31:46] EDIT welcome/models/menu.py: -2
[2016-06-10 03:32:18] EDIT welcome/models/menu.py: 0
[2016-06-10 03:32:28] EDIT welcome/models/menu.py: 2
[2016-06-10 03:32:39] EDIT welcome/models/menu.py: 0
[2016-06-10 03:33:36] EDIT welcome/models/menu.py: -1
[2016-06-10 03:33:57] EDIT welcome/models/menu.py: 1
[2016-06-10 03:34:33] EDIT welcome/models/menu.py: 4
[2016-06-10 03:35:55] EDIT welcome/models/menu.py: -9
[2016-06-10 03:36:17] EDIT welcome/models/menu.py: 5
[2016-06-10 07:36:07] EDIT welcome/models/menu.py: 0
[2016-06-10 07:37:32] EDIT welcome/models/menu.py: 0
[2016-06-15 03:13:41] EDIT welcome/controllers/default.py: -1
[2016-06-15 03:14:07] EDIT welcome/controllers/default.py: -1
[2016-06-15 03:14:29] EDIT welcome/controllers/default.py: 1
[2016-06-15 06:48:24] EDIT welcome/models/db_pictures.py: -1
[2016-06-15 06:49:02] EDIT welcome/models/db_pictures.py: -3
[2016-06-15 06:56:34] EDIT welcome/models/db_pictures.py: 4
[2016-06-15 06:56:56] EDIT welcome/models/db_pictures.py: -1
